TN:
SF:src\parseConfig.js
FN:3,(anonymous_0)
FNF:1
FNH:1
FNDA:1,(anonymous_0)
DA:1,2
DA:3,2
DA:4,1
DA:5,1
DA:6,4
DA:7,4
DA:8,4
DA:10,4
DA:12,2
DA:13,2
DA:15,1
DA:16,1
DA:18,1
DA:19,1
DA:22,1
DA:25,2
LF:16
LH:16
BRDA:10,0,0,2
BRDA:10,0,1,1
BRDA:10,0,2,1
BRF:3
BRH:3
end_of_record
TN:
SF:src\Cipher\Cipher.js
FN:4,(anonymous_0)
FN:19,(anonymous_1)
FN:31,(anonymous_2)
FN:34,(anonymous_3)
FN:37,(anonymous_4)
FNF:5
FNH:5
FNDA:154,(anonymous_0)
FNDA:10,(anonymous_1)
FNDA:5,(anonymous_2)
FNDA:2,(anonymous_3)
FNDA:3,(anonymous_4)
DA:1,3
DA:2,3
DA:4,3
DA:5,154
DA:7,154
DA:8,125
DA:9,125
DA:11,94
DA:12,94
DA:13,94
DA:15,125
DA:16,29
DA:19,3
DA:20,10
DA:21,10
DA:22,154
DA:23,142
DA:25,12
DA:28,10
DA:31,3
DA:32,5
DA:34,3
DA:35,2
DA:37,3
DA:38,3
DA:41,3
LF:26
LH:26
BRDA:7,0,0,125
BRDA:7,0,1,29
BRDA:7,1,0,154
BRDA:7,1,1,126
BRDA:9,2,0,31
BRDA:9,2,1,94
BRDA:11,3,0,31
BRDA:11,3,1,63
BRDA:13,4,0,82
BRDA:13,4,1,12
BRDA:13,5,0,94
BRDA:13,5,1,93
BRDA:22,6,0,142
BRDA:22,6,1,12
BRF:14
BRH:14
end_of_record
TN:
SF:src\streams\ProcessedData.js
FN:7,(anonymous_0)
FN:12,(anonymous_1)
FNF:2
FNH:1
FNDA:4,(anonymous_0)
FNDA:0,(anonymous_1)
DA:1,1
DA:2,1
DA:3,1
DA:4,1
DA:5,1
DA:7,1
DA:8,4
DA:9,3
DA:10,2
DA:12,0
DA:13,0
DA:14,0
DA:15,0
DA:20,1
LF:14
LH:10
BRDA:13,0,0,0
BRDA:13,0,1,0
BRF:2
BRH:0
end_of_record
TN:
SF:src\streams\ReadStream.js
FN:5,(anonymous_0)
FN:11,(anonymous_1)
FN:12,(anonymous_2)
FN:22,(anonymous_3)
FN:24,(anonymous_4)
FN:33,(anonymous_5)
FN:35,(anonymous_6)
FN:41,(anonymous_7)
FNF:8
FNH:0
FNDA:0,(anonymous_0)
FNDA:0,(anonymous_1)
FNDA:0,(anonymous_2)
FNDA:0,(anonymous_3)
FNDA:0,(anonymous_4)
FNDA:0,(anonymous_5)
FNDA:0,(anonymous_6)
FNDA:0,(anonymous_7)
DA:1,1
DA:2,1
DA:6,0
DA:7,0
DA:8,0
DA:12,0
DA:13,0
DA:14,0
DA:16,0
DA:17,0
DA:23,0
DA:24,0
DA:25,0
DA:26,0
DA:28,0
DA:34,0
DA:35,0
DA:37,0
DA:41,1
DA:42,0
DA:43,0
DA:44,0
DA:46,0
DA:50,1
LF:24
LH:4
BRDA:13,0,0,0
BRDA:13,0,1,0
BRDA:25,1,0,0
BRDA:25,1,1,0
BRDA:28,2,0,0
BRDA:28,2,1,0
BRDA:34,3,0,0
BRDA:34,3,1,0
BRDA:35,4,0,0
BRDA:35,4,1,0
BRDA:42,5,0,0
BRDA:42,5,1,0
BRF:12
BRH:0
end_of_record
TN:
SF:src\streams\TransformStream.js
FN:4,(anonymous_0)
FN:6,(anonymous_1)
FNF:2
FNH:0
FNDA:0,(anonymous_0)
FNDA:0,(anonymous_1)
DA:1,1
DA:2,1
DA:4,1
DA:5,0
DA:7,0
DA:8,0
DA:13,1
LF:7
LH:4
BRF:0
BRH:0
end_of_record
TN:
SF:src\streams\WriteStream.js
FN:5,(anonymous_0)
FN:10,(anonymous_1)
FN:11,(anonymous_2)
FN:20,(anonymous_3)
FN:24,(anonymous_4)
FN:26,(anonymous_5)
FN:36,(anonymous_6)
FNF:7
FNH:0
FNDA:0,(anonymous_0)
FNDA:0,(anonymous_1)
FNDA:0,(anonymous_2)
FNDA:0,(anonymous_3)
FNDA:0,(anonymous_4)
FNDA:0,(anonymous_5)
FNDA:0,(anonymous_6)
DA:1,1
DA:2,1
DA:6,0
DA:7,0
DA:11,0
DA:12,0
DA:13,0
DA:15,0
DA:16,0
DA:21,0
DA:25,0
DA:26,0
DA:28,0
DA:29,0
DA:30,0
DA:31,0
DA:36,1
DA:37,0
DA:38,0
DA:39,0
DA:41,0
DA:45,1
LF:22
LH:4
BRDA:12,0,0,0
BRDA:12,0,1,0
BRDA:25,1,0,0
BRDA:25,1,1,0
BRDA:26,2,0,0
BRDA:26,2,1,0
BRDA:28,3,0,0
BRDA:28,3,1,0
BRDA:37,4,0,0
BRDA:37,4,1,0
BRF:10
BRH:0
end_of_record
TN:
SF:src\streams\validation\Error.js
FN:2,(anonymous_0)
FNF:1
FNH:1
FNDA:4,(anonymous_0)
DA:3,4
DA:4,4
DA:8,1
LF:3
LH:3
BRF:0
BRH:0
end_of_record
TN:
SF:src\streams\validation\ValidationError.js
FN:4,(anonymous_0)
FNF:1
FNH:1
FNDA:2,(anonymous_0)
DA:1,1
DA:5,2
DA:6,2
DA:9,1
LF:4
LH:4
BRF:0
BRH:0
end_of_record
TN:
SF:src\streams\validation\validation.js
FN:6,(anonymous_0)
FN:18,(anonymous_1)
FN:23,(anonymous_2)
FNF:3
FNH:3
FNDA:7,(anonymous_0)
FNDA:1,(anonymous_1)
FNDA:3,(anonymous_2)
DA:1,1
DA:2,1
DA:3,1
DA:4,1
DA:6,1
DA:7,7
DA:8,7
DA:9,2
DA:12,2
DA:13,2
DA:14,2
DA:18,1
DA:19,1
DA:20,1
DA:23,1
DA:24,3
DA:25,3
DA:26,1
DA:28,2
DA:30,2
DA:31,8
DA:32,8
DA:33,8
DA:34,8
DA:35,8
DA:36,8
DA:37,1
DA:41,2
DA:42,2
DA:46,1
LF:30
LH:30
BRDA:8,0,0,2
BRDA:8,0,1,5
BRDA:8,1,0,7
BRDA:8,1,1,7
BRDA:25,2,0,1
BRDA:25,2,1,2
BRDA:34,3,0,8
BRDA:34,3,1,4
BRDA:34,3,2,6
BRDA:34,3,3,1
BRDA:34,3,4,5
BRDA:35,4,0,8
BRDA:35,4,1,2
BRDA:36,5,0,1
BRDA:36,5,1,7
BRDA:36,6,0,8
BRDA:36,6,1,3
BRF:17
BRH:17
end_of_record
